#
# A fatal error has been detected by the Java Runtime Environment:
#
#  EXCEPTION_ACCESS_VIOLATION (0xc0000005) at pc=0x00007fffd9bc7a7c, pid=1480, tid=7780
#
# JRE version: Java(TM) SE Runtime Environment 18.9 (11.0.11+9) (build 11.0.11+9-LTS-194)
# Java VM: Java HotSpot(TM) 64-Bit Server VM 18.9 (11.0.11+9-LTS-194, mixed mode, tiered, compressed oops, g1 gc, windows-amd64)
# Problematic frame:
# C  [ig9icd64.dll+0x147a7c]
#
# No core dump will be written. Minidumps are not enabled by default on client versions of Windows
#
# If you would like to submit a bug report, please visit:
#   https://bugreport.java.com/bugreport/crash.jsp
# The crash happened outside the Java Virtual Machine in native code.
# See problematic frame for where to report the bug.
#

---------------  S U M M A R Y ------------

Command Line: Main

Host: Intel(R) Core(TM) i7-8565U CPU @ 1.80GHz, 8 cores, 15G,  Windows 10 , 64 bit Build 19041 (10.0.19041.928)
Time: Thu Jun 24 13:53:36 2021 FLE Daylight Time elapsed time: 0.686044 seconds (0d 0h 0m 0s)

---------------  T H R E A D  ---------------

Current thread (0x000002249d876800):  JavaThread "main" [_thread_in_native, id=7780, stack(0x0000004fda800000,0x0000004fda900000)]

Stack: [0x0000004fda800000,0x0000004fda900000],  sp=0x0000004fda8fe600,  free space=1017k
Native frames: (J=compiled Java code, j=interpreted, Vv=VM code, C=native code)
C  [ig9icd64.dll+0x147a7c]

Java frames: (J=compiled Java code, j=interpreted, Vv=VM code)
j  org.lwjgl.opengl.GL11C.nglTexImage2D(IIIIIIIIJ)V+0
j  org.lwjgl.opengl.GL11C.glTexImage2D(IIIIIIIILjava/nio/ByteBuffer;)V+17
j  Texture.<init>(Ljava/lang/String;)V+168
j  Sprite.<init>(Ljava/lang/String;[F)V+16
j  FoodStore.<init>(Lorg/joml/Vector2f;Lorg/joml/Vector2f;)V+17
j  Map.<init>(II)V+311
j  Game.init()V+62
j  Game.run()V+1
j  Main.main([Ljava/lang/String;)V+9
v  ~StubRoutines::call_stub

siginfo: EXCEPTION_ACCESS_VIOLATION (0xc0000005), reading address 0x00000224c8c18000


Register to memory mapping:

RIP=0x00007fffd9bc7a7c ig9icd64.dll
RAX=0x0000000000000631 is an unknown value
RBX=0x0000004fda8fe790 is pointing into the stack for thread: 0x000002249d876800
RCX=0x0 is NULL
RDX=0x00000224c8c17fe0 points into unknown readable memory: 60 00 51 c8 24 02 00 00
RSP=0x0000004fda8fe600 is pointing into the stack for thread: 0x000002249d876800
RBP=0x0000004fda8fe760 is pointing into the stack for thread: 0x000002249d876800
RSI=0x00000224cd3f0000 points into unknown readable memory: 00 00 ff 00 00 ff 00 00
RDI=0x00000224cd421880 points into unknown readable memory: 00 00 00 00 00 00 00 00
R8 =0x0000000000040000 is an unknown value
R9 =0x0000000000000800 is an unknown value
R10=0x0000000000000632 is an unknown value
R11=0x00000224c8681164 points into unknown readable memory: 00 00 00 00
R12=0x00000000000001c1 is an unknown value
R13=0x00000224cd3f0000 points into unknown readable memory: 00 00 ff 00 00 ff 00 00
R14=0x0000004fda8fea50 is pointing into the stack for thread: 0x000002249d876800
R15=0x00007fffd9a80000 ig9icd64.dll


Registers:
RAX=0x0000000000000631, RBX=0x0000004fda8fe790, RCX=0x0000000000000000, RDX=0x00000224c8c17fe0
RSP=0x0000004fda8fe600, RBP=0x0000004fda8fe760, RSI=0x00000224cd3f0000, RDI=0x00000224cd421880
R8 =0x0000000000040000, R9 =0x0000000000000800, R10=0x0000000000000632, R11=0x00000224c8681164
R12=0x00000000000001c1, R13=0x00000224cd3f0000, R14=0x0000004fda8fea50, R15=0x00007fffd9a80000
RIP=0x00007fffd9bc7a7c, EFLAGS=0x0000000000010203

Top of Stack: (sp=0x0000004fda8fe600)
0x0000004fda8fe600:   0000000000000000 0000000000000000
0x0000004fda8fe610:   0000000000000000 0000000000000000
0x0000004fda8fe620:   00000224c8be6760 00007fffd9f38c79
0x0000004fda8fe630:   0000000000000000 0000000000000001
0x0000004fda8fe640:   0000004fda8fea50 00007fffda70b588
0x0000004fda8fe650:   0000000000000000 00007fffd9f3b3dc
0x0000004fda8fe660:   0000004fda8fe760 0000000000000000
0x0000004fda8fe670:   0000004fda8fea50 0000000000000001
0x0000004fda8fe680:   0000000000000049 0000000100000001
0x0000004fda8fe690:   00000224c8be6760 00000224c8a41e00
0x0000004fda8fe6a0:   0000000000000000 00007fffd9ac08b4
0x0000004fda8fe6b0:   0000004fda8fe9b0 0000442ab73057df
0x0000004fda8fe6c0:   0000000000000001 0000004fda8fe808
0x0000004fda8fe6d0:   0000004fda8fe9b0 00000224c8668480
0x0000004fda8fe6e0:   00000224c8a7b430 0000000000000000
0x0000004fda8fe6f0:   0000000000000000 00007fffd9f8fefd 

Instructions: (pc=0x00007fffd9bc7a7c)
0x00007fffd9bc7a5c:   ab 00 00 00 4d 85 c9 74 6c 66 66 66 0f 1f 84 00
0x00007fffd9bc7a6c:   00 00 00 00 f3 0f 6f 02 41 ff c2 f3 0f 6f 4a 10
0x00007fffd9bc7a7c:   f3 0f 6f 52 20 f3 0f 6f 5a 30 f3 0f 6f 62 40 f3
0x00007fffd9bc7a8c:   0f 6f 6a 50 f3 0f 6f 72 60 f3 0f 6f 7a 70 48 83 


Stack slot to memory mapping:
stack at sp + 0 slots: 0x0 is NULL
stack at sp + 1 slots: 0x0 is NULL
stack at sp + 2 slots: 0x0 is NULL
stack at sp + 3 slots: 0x0 is NULL
stack at sp + 4 slots: 0x00000224c8be6760 points into unknown readable memory: 00 00 ff 00 00 ff 00 00
stack at sp + 5 slots: 0x00007fffd9f38c79 ig9icd64.dll
stack at sp + 6 slots: 0x0 is NULL
stack at sp + 7 slots: 0x0000000000000001 is an unknown value


---------------  P R O C E S S  ---------------

Threads class SMR info:
_java_thread_list=0x00000224c8a0bb30, length=11, elements={
0x000002249d876800, 0x00000224c19fd000, 0x00000224c19fe800, 0x00000224c230b800,
0x00000224c230d800, 0x00000224c230f000, 0x00000224c2312000, 0x00000224c2315000,
0x00000224c2499800, 0x00000224c24a0000, 0x00000224c8a62800
}

Java Threads: ( => current thread )
=>0x000002249d876800 JavaThread "main" [_thread_in_native, id=7780, stack(0x0000004fda800000,0x0000004fda900000)]
  0x00000224c19fd000 JavaThread "Reference Handler" daemon [_thread_blocked, id=5116, stack(0x0000004fdaf00000,0x0000004fdb000000)]
  0x00000224c19fe800 JavaThread "Finalizer" daemon [_thread_blocked, id=7288, stack(0x0000004fdb000000,0x0000004fdb100000)]
  0x00000224c230b800 JavaThread "Signal Dispatcher" daemon [_thread_blocked, id=8032, stack(0x0000004fdb100000,0x0000004fdb200000)]
  0x00000224c230d800 JavaThread "Attach Listener" daemon [_thread_blocked, id=12224, stack(0x0000004fdb200000,0x0000004fdb300000)]
  0x00000224c230f000 JavaThread "C2 CompilerThread0" daemon [_thread_blocked, id=15572, stack(0x0000004fdb300000,0x0000004fdb400000)]
  0x00000224c2312000 JavaThread "C1 CompilerThread0" daemon [_thread_blocked, id=15796, stack(0x0000004fdb400000,0x0000004fdb500000)]
  0x00000224c2315000 JavaThread "Sweeper thread" daemon [_thread_blocked, id=5780, stack(0x0000004fdb500000,0x0000004fdb600000)]
  0x00000224c2499800 JavaThread "Service Thread" daemon [_thread_blocked, id=1836, stack(0x0000004fdb600000,0x0000004fdb700000)]
  0x00000224c24a0000 JavaThread "Common-Cleaner" daemon [_thread_blocked, id=11808, stack(0x0000004fdb800000,0x0000004fdb900000)]
  0x00000224c8a62800 JavaThread "C2 CompilerThread1" daemon [_thread_blocked, id=10284, stack(0x0000004fdc000000,0x0000004fdc100000)]

Other Threads:
  0x00000224c19fa800 VMThread "VM Thread" [stack: 0x0000004fdae00000,0x0000004fdaf00000] [id=12996]
  0x00000224c249f000 WatcherThread [stack: 0x0000004fdb700000,0x0000004fdb800000] [id=11504]
  0x000002249d88a800 GCTaskThread "GC Thread#0" [stack: 0x0000004fda900000,0x0000004fdaa00000] [id=3636]
  0x000002249d8e6000 ConcurrentGCThread "G1 Main Marker" [stack: 0x0000004fdaa00000,0x0000004fdab00000] [id=3624]
  0x000002249d8e8000 ConcurrentGCThread "G1 Conc#0" [stack: 0x0000004fdab00000,0x0000004fdac00000] [id=12048]
  0x00000224c18e4800 ConcurrentGCThread "G1 Refine#0" [stack: 0x0000004fdac00000,0x0000004fdad00000] [id=5484]
  0x00000224c18e5800 ConcurrentGCThread "G1 Young RemSet Sampling" [stack: 0x0000004fdad00000,0x0000004fdae00000] [id=11364]

Threads with active compile tasks:

VM state:not at safepoint (normal execution)

VM Mutex/Monitor currently owned by a thread: None

Heap address: 0x0000000702200000, size: 4062 MB, Compressed Oops mode: Zero based, Oop shift amount: 3
Narrow klass base: 0x0000000800000000, Narrow klass shift: 0
Compressed class space size: 1073741824 Address: 0x0000000800000000

Heap:
 garbage-first heap   total 260096K, used 13312K [0x0000000702200000, 0x0000000800000000)
  region size 1024K, 15 young (15360K), 0 survivors (0K)
 Metaspace       used 11735K, capacity 11937K, committed 12288K, reserved 1060864K
  class space    used 847K, capacity 919K, committed 1024K, reserved 1048576K
Heap Regions: E=young(eden), S=young(survivor), O=old, HS=humongous(starts), HC=humongous(continues), CS=collection set, F=free, A=archive, TAMS=top-at-mark-start (previous, next)
|   0|0x0000000702200000, 0x0000000702200000, 0x0000000702300000|  0%| F|  |TAMS 0x0000000702200000, 0x0000000702200000| Untracked 
|   1|0x0000000702300000, 0x0000000702300000, 0x0000000702400000|  0%| F|  |TAMS 0x0000000702300000, 0x0000000702300000| Untracked 
|   2|0x0000000702400000, 0x0000000702400000, 0x0000000702500000|  0%| F|  |TAMS 0x0000000702400000, 0x0000000702400000| Untracked 
|   3|0x0000000702500000, 0x0000000702500000, 0x0000000702600000|  0%| F|  |TAMS 0x0000000702500000, 0x0000000702500000| Untracked 
|   4|0x0000000702600000, 0x0000000702600000, 0x0000000702700000|  0%| F|  |TAMS 0x0000000702600000, 0x0000000702600000| Untracked 
|   5|0x0000000702700000, 0x0000000702700000, 0x0000000702800000|  0%| F|  |TAMS 0x0000000702700000, 0x0000000702700000| Untracked 
|   6|0x0000000702800000, 0x0000000702800000, 0x0000000702900000|  0%| F|  |TAMS 0x0000000702800000, 0x0000000702800000| Untracked 
|   7|0x0000000702900000, 0x0000000702900000, 0x0000000702a00000|  0%| F|  |TAMS 0x0000000702900000, 0x0000000702900000| Untracked 
|   8|0x0000000702a00000, 0x0000000702a00000, 0x0000000702b00000|  0%| F|  |TAMS 0x0000000702a00000, 0x0000000702a00000| Untracked 
|   9|0x0000000702b00000, 0x0000000702b00000, 0x0000000702c00000|  0%| F|  |TAMS 0x0000000702b00000, 0x0000000702b00000| Untracked 
|  10|0x0000000702c00000, 0x0000000702c00000, 0x0000000702d00000|  0%| F|  |TAMS 0x0000000702c00000, 0x0000000702c00000| Untracked 
|  11|0x0000000702d00000, 0x0000000702d00000, 0x0000000702e00000|  0%| F|  |TAMS 0x0000000702d00000, 0x0000000702d00000| Untracked 
|  12|0x0000000702e00000, 0x0000000702e00000, 0x0000000702f00000|  0%| F|  |TAMS 0x0000000702e00000, 0x0000000702e00000| Untracked 
|  13|0x0000000702f00000, 0x0000000702f00000, 0x0000000703000000|  0%| F|  |TAMS 0x0000000702f00000, 0x0000000702f00000| Untracked 
|  14|0x0000000703000000, 0x0000000703000000, 0x0000000703100000|  0%| F|  |TAMS 0x0000000703000000, 0x0000000703000000| Untracked 
|  15|0x0000000703100000, 0x0000000703100000, 0x0000000703200000|  0%| F|  |TAMS 0x0000000703100000, 0x0000000703100000| Untracked 
|  16|0x0000000703200000, 0x0000000703200000, 0x0000000703300000|  0%| F|  |TAMS 0x0000000703200000, 0x0000000703200000| Untracked 
|  17|0x0000000703300000, 0x0000000703300000, 0x0000000703400000|  0%| F|  |TAMS 0x0000000703300000, 0x0000000703300000| Untracked 
|  18|0x0000000703400000, 0x0000000703400000, 0x0000000703500000|  0%| F|  |TAMS 0x0000000703400000, 0x0000000703400000| Untracked 
|  19|0x0000000703500000, 0x0000000703500000, 0x0000000703600000|  0%| F|  |TAMS 0x0000000703500000, 0x0000000703500000| Untracked 
|  20|0x0000000703600000, 0x0000000703600000, 0x0000000703700000|  0%| F|  |TAMS 0x0000000703600000, 0x0000000703600000| Untracked 
|  21|0x0000000703700000, 0x0000000703700000, 0x0000000703800000|  0%| F|  |TAMS 0x0000000703700000, 0x0000000703700000| Untracked 
|  22|0x0000000703800000, 0x0000000703800000, 0x0000000703900000|  0%| F|  |TAMS 0x0000000703800000, 0x0000000703800000| Untracked 
|  23|0x0000000703900000, 0x0000000703900000, 0x0000000703a00000|  0%| F|  |TAMS 0x0000000703900000, 0x0000000703900000| Untracked 
|  24|0x0000000703a00000, 0x0000000703a00000, 0x0000000703b00000|  0%| F|  |TAMS 0x0000000703a00000, 0x0000000703a00000| Untracked 
|  25|0x0000000703b00000, 0x0000000703b00000, 0x0000000703c00000|  0%| F|  |TAMS 0x0000000703b00000, 0x0000000703b00000| Untracked 
|  26|0x0000000703c00000, 0x0000000703c00000, 0x0000000703d00000|  0%| F|  |TAMS 0x0000000703c00000, 0x0000000703c00000| Untracked 
|  27|0x0000000703d00000, 0x0000000703d00000, 0x0000000703e00000|  0%| F|  |TAMS 0x0000000703d00000, 0x0000000703d00000| Untracked 
|  28|0x0000000703e00000, 0x0000000703e00000, 0x0000000703f00000|  0%| F|  |TAMS 0x0000000703e00000, 0x0000000703e00000| Untracked 
|  29|0x0000000703f00000, 0x0000000703f00000, 0x0000000704000000|  0%| F|  |TAMS 0x0000000703f00000, 0x0000000703f00000| Untracked 
|  30|0x0000000704000000, 0x0000000704000000, 0x0000000704100000|  0%| F|  |TAMS 0x0000000704000000, 0x0000000704000000| Untracked 
|  31|0x0000000704100000, 0x0000000704100000, 0x0000000704200000|  0%| F|  |TAMS 0x0000000704100000, 0x0000000704100000| Untracked 
|  32|0x0000000704200000, 0x0000000704200000, 0x0000000704300000|  0%| F|  |TAMS 0x0000000704200000, 0x0000000704200000| Untracked 
|  33|0x0000000704300000, 0x0000000704300000, 0x0000000704400000|  0%| F|  |TAMS 0x0000000704300000, 0x0000000704300000| Untracked 
|  34|0x0000000704400000, 0x0000000704400000, 0x0000000704500000|  0%| F|  |TAMS 0x0000000704400000, 0x0000000704400000| Untracked 
|  35|0x0000000704500000, 0x0000000704500000, 0x0000000704600000|  0%| F|  |TAMS 0x0000000704500000, 0x0000000704500000| Untracked 
|  36|0x0000000704600000, 0x0000000704600000, 0x0000000704700000|  0%| F|  |TAMS 0x0000000704600000, 0x0000000704600000| Untracked 
|  37|0x0000000704700000, 0x0000000704700000, 0x0000000704800000|  0%| F|  |TAMS 0x0000000704700000, 0x0000000704700000| Untracked 
|  38|0x0000000704800000, 0x0000000704800000, 0x0000000704900000|  0%| F|  |TAMS 0x0000000704800000, 0x0000000704800000| Untracked 
|  39|0x0000000704900000, 0x0000000704900000, 0x0000000704a00000|  0%| F|  |TAMS 0x0000000704900000, 0x0000000704900000| Untracked 
|  40|0x0000000704a00000, 0x0000000704a00000, 0x0000000704b00000|  0%| F|  |TAMS 0x0000000704a00000, 0x0000000704a00000| Untracked 
|  41|0x0000000704b00000, 0x0000000704b00000, 0x0000000704c00000|  0%| F|  |TAMS 0x0000000704b00000, 0x0000000704b00000| Untracked 
|  42|0x0000000704c00000, 0x0000000704c00000, 0x0000000704d00000|  0%| F|  |TAMS 0x0000000704c00000, 0x0000000704c00000| Untracked 
|  43|0x0000000704d00000, 0x0000000704d00000, 0x0000000704e00000|  0%| F|  |TAMS 0x0000000704d00000, 0x0000000704d00000| Untracked 
|  44|0x0000000704e00000, 0x0000000704e00000, 0x0000000704f00000|  0%| F|  |TAMS 0x0000000704e00000, 0x0000000704e00000| Untracked 
|  45|0x0000000704f00000, 0x0000000704f00000, 0x0000000705000000|  0%| F|  |TAMS 0x0000000704f00000, 0x0000000704f00000| Untracked 
|  46|0x0000000705000000, 0x0000000705000000, 0x0000000705100000|  0%| F|  |TAMS 0x0000000705000000, 0x0000000705000000| Untracked 
|  47|0x0000000705100000, 0x0000000705100000, 0x0000000705200000|  0%| F|  |TAMS 0x0000000705100000, 0x0000000705100000| Untracked 
|  48|0x0000000705200000, 0x0000000705200000, 0x0000000705300000|  0%| F|  |TAMS 0x0000000705200000, 0x0000000705200000| Untracked 
|  49|0x0000000705300000, 0x0000000705300000, 0x0000000705400000|  0%| F|  |TAMS 0x0000000705300000, 0x0000000705300000| Untracked 
|  50|0x0000000705400000, 0x0000000705400000, 0x0000000705500000|  0%| F|  |TAMS 0x0000000705400000, 0x0000000705400000| Untracked 
|  51|0x0000000705500000, 0x0000000705500000, 0x0000000705600000|  0%| F|  |TAMS 0x0000000705500000, 0x0000000705500000| Untracked 
|  52|0x0000000705600000, 0x0000000705600000, 0x0000000705700000|  0%| F|  |TAMS 0x0000000705600000, 0x0000000705600000| Untracked 
|  53|0x0000000705700000, 0x0000000705700000, 0x0000000705800000|  0%| F|  |TAMS 0x0000000705700000, 0x0000000705700000| Untracked 
|  54|0x0000000705800000, 0x0000000705800000, 0x0000000705900000|  0%| F|  |TAMS 0x0000000705800000, 0x0000000705800000| Untracked 
|  55|0x0000000705900000, 0x0000000705900000, 0x0000000705a00000|  0%| F|  |TAMS 0x0000000705900000, 0x0000000705900000| Untracked 
|  56|0x0000000705a00000, 0x0000000705a00000, 0x0000000705b00000|  0%| F|  |TAMS 0x0000000705a00000, 0x0000000705a00000| Untracked 
|  57|0x0000000705b00000, 0x0000000705b00000, 0x0000000705c00000|  0%| F|  |TAMS 0x0000000705b00000, 0x0000000705b00000| Untracked 
|  58|0x0000000705c00000, 0x0000000705c00000, 0x0000000705d00000|  0%| F|  |TAMS 0x0000000705c00000, 0x0000000705c00000| Untracked 
|  59|0x0000000705d00000, 0x0000000705d00000, 0x0000000705e00000|  0%| F|  |TAMS 0x0000000705d00000, 0x0000000705d00000| Untracked 
|  60|0x0000000705e00000, 0x0000000705e00000, 0x0000000705f00000|  0%| F|  |TAMS 0x0000000705e00000, 0x0000000705e00000| Untracked 
|  61|0x0000000705f00000, 0x0000000705f00000, 0x0000000706000000|  0%| F|  |TAMS 0x0000000705f00000, 0x0000000705f00000| Untracked 
|  62|0x0000000706000000, 0x0000000706000000, 0x0000000706100000|  0%| F|  |TAMS 0x0000000706000000, 0x0000000706000000| Untracked 
|  63|0x0000000706100000, 0x0000000706100000, 0x0000000706200000|  0%| F|  |TAMS 0x0000000706100000, 0x0000000706100000| Untracked 
|  64|0x0000000706200000, 0x0000000706200000, 0x0000000706300000|  0%| F|  |TAMS 0x0000000706200000, 0x0000000706200000| Untracked 
|  65|0x0000000706300000, 0x0000000706300000, 0x0000000706400000|  0%| F|  |TAMS 0x0000000706300000, 0x0000000706300000| Untracked 
|  66|0x0000000706400000, 0x0000000706400000, 0x0000000706500000|  0%| F|  |TAMS 0x0000000706400000, 0x0000000706400000| Untracked 
|  67|0x0000000706500000, 0x0000000706500000, 0x0000000706600000|  0%| F|  |TAMS 0x0000000706500000, 0x0000000706500000| Untracked 
|  68|0x0000000706600000, 0x0000000706600000, 0x0000000706700000|  0%| F|  |TAMS 0x0000000706600000, 0x0000000706600000| Untracked 
|  69|0x0000000706700000, 0x0000000706700000, 0x0000000706800000|  0%| F|  |TAMS 0x0000000706700000, 0x0000000706700000| Untracked 
|  70|0x0000000706800000, 0x0000000706800000, 0x0000000706900000|  0%| F|  |TAMS 0x0000000706800000, 0x0000000706800000| Untracked 
|  71|0x0000000706900000, 0x0000000706900000, 0x0000000706a00000|  0%| F|  |TAMS 0x0000000706900000, 0x0000000706900000| Untracked 
|  72|0x0000000706a00000, 0x0000000706a00000, 0x0000000706b00000|  0%| F|  |TAMS 0x0000000706a00000, 0x0000000706a00000| Untracked 
|  73|0x0000000706b00000, 0x0000000706b00000, 0x0000000706c00000|  0%| F|  |TAMS 0x0000000706b00000, 0x0000000706b00000| Untracked 
|  74|0x0000000706c00000, 0x0000000706c00000, 0x0000000706d00000|  0%| F|  |TAMS 0x0000000706c00000, 0x0000000706c00000| Untracked 
|  75|0x0000000706d00000, 0x0000000706d00000, 0x0000000706e00000|  0%| F|  |TAMS 0x0000000706d00000, 0x0000000706d00000| Untracked 
|  76|0x0000000706e00000, 0x0000000706e00000, 0x0000000706f00000|  0%| F|  |TAMS 0x0000000706e00000, 0x0000000706e00000| Untracked 
|  77|0x0000000706f00000, 0x0000000706f00000, 0x0000000707000000|  0%| F|  |TAMS 0x0000000706f00000, 0x0000000706f00000| Untracked 
|  78|0x0000000707000000, 0x0000000707000000, 0x0000000707100000|  0%| F|  |TAMS 0x0000000707000000, 0x0000000707000000| Untracked 
|  79|0x0000000707100000, 0x0000000707100000, 0x0000000707200000|  0%| F|  |TAMS 0x0000000707100000, 0x0000000707100000| Untracked 
|  80|0x0000000707200000, 0x0000000707200000, 0x0000000707300000|  0%| F|  |TAMS 0x0000000707200000, 0x0000000707200000| Untracked 
|  81|0x0000000707300000, 0x0000000707300000, 0x0000000707400000|  0%| F|  |TAMS 0x0000000707300000, 0x0000000707300000| Untracked 
|  82|0x0000000707400000, 0x0000000707400000, 0x0000000707500000|  0%| F|  |TAMS 0x0000000707400000, 0x0000000707400000| Untracked 
|  83|0x0000000707500000, 0x0000000707500000, 0x0000000707600000|  0%| F|  |TAMS 0x0000000707500000, 0x0000000707500000| Untracked 
|  84|0x0000000707600000, 0x0000000707600000, 0x0000000707700000|  0%| F|  |TAMS 0x0000000707600000, 0x0000000707600000| Untracked 
|  85|0x0000000707700000, 0x0000000707700000, 0x0000000707800000|  0%| F|  |TAMS 0x0000000707700000, 0x0000000707700000| Untracked 
|  86|0x0000000707800000, 0x0000000707800000, 0x0000000707900000|  0%| F|  |TAMS 0x0000000707800000, 0x0000000707800000| Untracked 
|  87|0x0000000707900000, 0x0000000707900000, 0x0000000707a00000|  0%| F|  |TAMS 0x0000000707900000, 0x0000000707900000| Untracked 
|  88|0x0000000707a00000, 0x0000000707a00000, 0x0000000707b00000|  0%| F|  |TAMS 0x0000000707a00000, 0x0000000707a00000| Untracked 
|  89|0x0000000707b00000, 0x0000000707b00000, 0x0000000707c00000|  0%| F|  |TAMS 0x0000000707b00000, 0x0000000707b00000| Untracked 
|  90|0x0000000707c00000, 0x0000000707c00000, 0x0000000707d00000|  0%| F|  |TAMS 0x0000000707c00000, 0x0000000707c00000| Untracked 
|  91|0x0000000707d00000, 0x0000000707d00000, 0x0000000707e00000|  0%| F|  |TAMS 0x0000000707d00000, 0x0000000707d00000| Untracked 
|  92|0x0000000707e00000, 0x0000000707e00000, 0x0000000707f00000|  0%| F|  |TAMS 0x0000000707e00000, 0x0000000707e00000| Untracked 
|  93|0x0000000707f00000, 0x0000000707f00000, 0x0000000708000000|  0%| F|  |TAMS 0x0000000707f00000, 0x0000000707f00000| Untracked 
|  94|0x0000000708000000, 0x0000000708000000, 0x0000000708100000|  0%| F|  |TAMS 0x0000000708000000, 0x0000000708000000| Untracked 
|  95|0x0000000708100000, 0x0000000708100000, 0x0000000708200000|  0%| F|  |TAMS 0x0000000708100000, 0x0000000708100000| Untracked 
|  96|0x0000000708200000, 0x0000000708200000, 0x0000000708300000|  0%| F|  |TAMS 0x0000000708200000, 0x0000000708200000| Untracked 
|  97|0x0000000708300000, 0x0000000708300000, 0x0000000708400000|  0%| F|  |TAMS 0x0000000708300000, 0x0000000708300000| Untracked 
|  98|0x0000000708400000, 0x0000000708400000, 0x0000000708500000|  0%| F|  |TAMS 0x0000000708400000, 0x0000000708400000| Untracked 
|  99|0x0000000708500000, 0x0000000708500000, 0x0000000708600000|  0%| F|  |TAMS 0x0000000708500000, 0x0000000708500000| Untracked 
| 100|0x0000000708600000, 0x0000000708600000, 0x0000000708700000|  0%| F|  |TAMS 0x0000000708600000, 0x0000000708600000| Untracked 
| 101|0x0000000708700000, 0x0000000708700000, 0x0000000708800000|  0%| F|  |TAMS 0x0000000708700000, 0x0000000708700000| Untracked 
| 102|0x0000000708800000, 0x0000000708800000, 0x0000000708900000|  0%| F|  |TAMS 0x0000000708800000, 0x0000000708800000| Untracked 
| 103|0x0000000708900000, 0x0000000708900000, 0x0000000708a00000|  0%| F|  |TAMS 0x0000000708900000, 0x0000000708900000| Untracked 
| 104|0x0000000708a00000, 0x0000000708a00000, 0x0000000708b00000|  0%| F|  |TAMS 0x0000000708a00000, 0x0000000708a00000| Untracked 
| 105|0x0000000708b00000, 0x0000000708b00000, 0x0000000708c00000|  0%| F|  |TAMS 0x0000000708b00000, 0x0000000708b00000| Untracked 
| 106|0x0000000708c00000, 0x0000000708c00000, 0x0000000708d00000|  0%| F|  |TAMS 0x0000000708c00000, 0x0000000708c00000| Untracked 
| 107|0x0000000708d00000, 0x0000000708d00000, 0x0000000708e00000|  0%| F|  |TAMS 0x0000000708d00000, 0x0000000708d00000| Untracked 
| 108|0x0000000708e00000, 0x0000000708e00000, 0x0000000708f00000|  0%| F|  |TAMS 0x0000000708e00000, 0x0000000708e00000| Untracked 
| 109|0x0000000708f00000, 0x0000000708f00000, 0x0000000709000000|  0%| F|  |TAMS 0x0000000708f00000, 0x0000000708f00000| Untracked 
| 110|0x0000000709000000, 0x0000000709000000, 0x0000000709100000|  0%| F|  |TAMS 0x0000000709000000, 0x0000000709000000| Untracked 
| 111|0x0000000709100000, 0x0000000709100000, 0x0000000709200000|  0%| F|  |TAMS 0x0000000709100000, 0x0000000709100000| Untracked 
| 112|0x0000000709200000, 0x0000000709200000, 0x0000000709300000|  0%| F|  |TAMS 0x0000000709200000, 0x0000000709200000| Untracked 
| 113|0x0000000709300000, 0x0000000709300000, 0x0000000709400000|  0%| F|  |TAMS 0x0000000709300000, 0x0000000709300000| Untracked 
| 114|0x0000000709400000, 0x0000000709400000, 0x0000000709500000|  0%| F|  |TAMS 0x0000000709400000, 0x0000000709400000| Untracked 
| 115|0x0000000709500000, 0x0000000709500000, 0x0000000709600000|  0%| F|  |TAMS 0x0000000709500000, 0x0000000709500000| Untracked 
| 116|0x0000000709600000, 0x0000000709600000, 0x0000000709700000|  0%| F|  |TAMS 0x0000000709600000, 0x0000000709600000| Untracked 
| 117|0x0000000709700000, 0x0000000709700000, 0x0000000709800000|  0%| F|  |TAMS 0x0000000709700000, 0x0000000709700000| Untracked 
| 118|0x0000000709800000, 0x0000000709800000, 0x0000000709900000|  0%| F|  |TAMS 0x0000000709800000, 0x0000000709800000| Untracked 
| 119|0x0000000709900000, 0x0000000709900000, 0x0000000709a00000|  0%| F|  |TAMS 0x0000000709900000, 0x0000000709900000| Untracked 
| 120|0x0000000709a00000, 0x0000000709a00000, 0x0000000709b00000|  0%| F|  |TAMS 0x0000000709a00000, 0x0000000709a00000| Untracked 
| 121|0x0000000709b00000, 0x0000000709b00000, 0x0000000709c00000|  0%| F|  |TAMS 0x0000000709b00000, 0x0000000709b00000| Untracked 
| 122|0x0000000709c00000, 0x0000000709c00000, 0x0000000709d00000|  0%| F|  |TAMS 0x0000000709c00000, 0x0000000709c00000| Untracked 
| 123|0x0000000709d00000, 0x0000000709d00000, 0x0000000709e00000|  0%| F|  |TAMS 0x0000000709d00000, 0x0000000709d00000| Untracked 
| 124|0x0000000709e00000, 0x0000000709e00000, 0x0000000709f00000|  0%| F|  |TAMS 0x0000000709e00000, 0x0000000709e00000| Untracked 
| 125|0x0000000709f00000, 0x0000000709f00000, 0x000000070a000000|  0%| F|  |TAMS 0x0000000709f00000, 0x0000000709f00000| Untracked 
| 126|0x000000070a000000, 0x000000070a000000, 0x000000070a100000|  0%| F|  |TAMS 0x000000070a000000, 0x000000070a000000| Untracked 
| 127|0x000000070a100000, 0x000000070a100000, 0x000000070a200000|  0%| F|  |TAMS 0x000000070a100000, 0x000000070a100000| Untracked 
| 128|0x000000070a200000, 0x000000070a200000, 0x000000070a300000|  0%| F|  |TAMS 0x000000070a200000, 0x000000070a200000| Untracked 
| 129|0x000000070a300000, 0x000000070a300000, 0x000000070a400000|  0%| F|  |TAMS 0x000000070a300000, 0x000000070a300000| Untracked 
| 130|0x000000070a400000, 0x000000070a400000, 0x000000070a500000|  0%| F|  |TAMS 0x000000070a400000, 0x000000070a400000| Untracked 
| 131|0x000000070a500000, 0x000000070a500000, 0x000000070a600000|  0%| F|  |TAMS 0x000000070a500000, 0x000000070a500000| Untracked 
| 132|0x000000070a600000, 0x000000070a600000, 0x000000070a700000|  0%| F|  |TAMS 0x000000070a600000, 0x000000070a600000| Untracked 
| 133|0x000000070a700000, 0x000000070a700000, 0x000000070a800000|  0%| F|  |TAMS 0x000000070a700000, 0x000000070a700000| Untracked 
| 134|0x000000070a800000, 0x000000070a800000, 0x000000070a900000|  0%| F|  |TAMS 0x000000070a800000, 0x000000070a800000| Untracked 
| 135|0x000000070a900000, 0x000000070a900000, 0x000000070aa00000|  0%| F|  |TAMS 0x000000070a900000, 0x000000070a900000| Untracked 
| 136|0x000000070aa00000, 0x000000070aa00000, 0x000000070ab00000|  0%| F|  |TAMS 0x000000070aa00000, 0x000000070aa00000| Untracked 
| 137|0x000000070ab00000, 0x000000070ab00000, 0x000000070ac00000|  0%| F|  |TAMS 0x000000070ab00000, 0x000000070ab00000| Untracked 
| 138|0x000000070ac00000, 0x000000070ac00000, 0x000000070ad00000|  0%| F|  |TAMS 0x000000070ac00000, 0x000000070ac00000| Untracked 
| 139|0x000000070ad00000, 0x000000070ad00000, 0x000000070ae00000|  0%| F|  |TAMS 0x000000070ad00000, 0x000000070ad00000| Untracked 
| 140|0x000000070ae00000, 0x000000070ae00000, 0x000000070af00000|  0%| F|  |TAMS 0x000000070ae00000, 0x000000070ae00000| Untracked 
| 141|0x000000070af00000, 0x000000070af00000, 0x000000070b000000|  0%| F|  |TAMS 0x000000070af00000, 0x000000070af00000| Untracked 
| 142|0x000000070b000000, 0x000000070b000000, 0x000000070b100000|  0%| F|  |TAMS 0x000000070b000000, 0x000000070b000000| Untracked 
| 143|0x000000070b100000, 0x000000070b100000, 0x000000070b200000|  0%| F|  |TAMS 0x000000070b100000, 0x000000070b100000| Untracked 
| 144|0x000000070b200000, 0x000000070b200000, 0x000000070b300000|  0%| F|  |TAMS 0x000000070b200000, 0x000000070b200000| Untracked 
| 145|0x000000070b300000, 0x000000070b300000, 0x000000070b400000|  0%| F|  |TAMS 0x000000070b300000, 0x000000070b300000| Untracked 
| 146|0x000000070b400000, 0x000000070b400000, 0x000000070b500000|  0%| F|  |TAMS 0x000000070b400000, 0x000000070b400000| Untracked 
| 147|0x000000070b500000, 0x000000070b500000, 0x000000070b600000|  0%| F|  |TAMS 0x000000070b500000, 0x000000070b500000| Untracked 
| 148|0x000000070b600000, 0x000000070b600000, 0x000000070b700000|  0%| F|  |TAMS 0x000000070b600000, 0x000000070b600000| Untracked 
| 149|0x000000070b700000, 0x000000070b700000, 0x000000070b800000|  0%| F|  |TAMS 0x000000070b700000, 0x000000070b700000| Untracked 
| 150|0x000000070b800000, 0x000000070b800000, 0x000000070b900000|  0%| F|  |TAMS 0x000000070b800000, 0x000000070b800000| Untracked 
| 151|0x000000070b900000, 0x000000070b900000, 0x000000070ba00000|  0%| F|  |TAMS 0x000000070b900000, 0x000000070b900000| Untracked 
| 152|0x000000070ba00000, 0x000000070ba00000, 0x000000070bb00000|  0%| F|  |TAMS 0x000000070ba00000, 0x000000070ba00000| Untracked 
| 153|0x000000070bb00000, 0x000000070bb00000, 0x000000070bc00000|  0%| F|  |TAMS 0x000000070bb00000, 0x000000070bb00000| Untracked 
| 154|0x000000070bc00000, 0x000000070bc00000, 0x000000070bd00000|  0%| F|  |TAMS 0x000000070bc00000, 0x000000070bc00000| Untracked 
| 155|0x000000070bd00000, 0x000000070bd00000, 0x000000070be00000|  0%| F|  |TAMS 0x000000070bd00000, 0x000000070bd00000| Untracked 
| 156|0x000000070be00000, 0x000000070be00000, 0x000000070bf00000|  0%| F|  |TAMS 0x000000070be00000, 0x000000070be00000| Untracked 
| 157|0x000000070bf00000, 0x000000070bf00000, 0x000000070c000000|  0%| F|  |TAMS 0x000000070bf00000, 0x000000070bf00000| Untracked 
| 158|0x000000070c000000, 0x000000070c000000, 0x000000070c100000|  0%| F|  |TAMS 0x000000070c000000, 0x000000070c000000| Untracked 
| 159|0x000000070c100000, 0x000000070c100000, 0x000000070c200000|  0%| F|  |TAMS 0x000000070c100000, 0x000000070c100000| Untracked 
| 160|0x000000070c200000, 0x000000070c200000, 0x000000070c300000|  0%| F|  |TAMS 0x000000070c200000, 0x000000070c200000| Untracked 
| 161|0x000000070c300000, 0x000000070c300000, 0x000000070c400000|  0%| F|  |TAMS 0x000000070c300000, 0x000000070c300000| Untracked 
| 162|0x000000070c400000, 0x000000070c400000, 0x000000070c500000|  0%| F|  |TAMS 0x000000070c400000, 0x000000070c400000| Untracked 
| 163|0x000000070c500000, 0x000000070c500000, 0x000000070c600000|  0%| F|  |TAMS 0x000000070c500000, 0x000000070c500000| Untracked 
| 164|0x000000070c600000, 0x000000070c600000, 0x000000070c700000|  0%| F|  |TAMS 0x000000070c600000, 0x000000070c600000| Untracked 
| 165|0x000000070c700000, 0x000000070c700000, 0x000000070c800000|  0%| F|  |TAMS 0x000000070c700000, 0x000000070c700000| Untracked 
| 166|0x000000070c800000, 0x000000070c800000, 0x000000070c900000|  0%| F|  |TAMS 0x000000070c800000, 0x000000070c800000| Untracked 
| 167|0x000000070c900000, 0x000000070c900000, 0x000000070ca00000|  0%| F|  |TAMS 0x000000070c900000, 0x000000070c900000| Untracked 
| 168|0x000000070ca00000, 0x000000070ca00000, 0x000000070cb00000|  0%| F|  |TAMS 0x000000070ca00000, 0x000000070ca00000| Untracked 
| 169|0x000000070cb00000, 0x000000070cb00000, 0x000000070cc00000|  0%| F|  |TAMS 0x000000070cb00000, 0x000000070cb00000| Untracked 
| 170|0x000000070cc00000, 0x000000070cc00000, 0x000000070cd00000|  0%| F|  |TAMS 0x000000070cc00000, 0x000000070cc00000| Untracked 
| 171|0x000000070cd00000, 0x000000070cd00000, 0x000000070ce00000|  0%| F|  |TAMS 0x000000070cd00000, 0x000000070cd00000| Untracked 
| 172|0x000000070ce00000, 0x000000070ce00000, 0x000000070cf00000|  0%| F|  |TAMS 0x000000070ce00000, 0x000000070ce00000| Untracked 
| 173|0x000000070cf00000, 0x000000070cf00000, 0x000000070d000000|  0%| F|  |TAMS 0x000000070cf00000, 0x000000070cf00000| Untracked 
| 174|0x000000070d000000, 0x000000070d000000, 0x000000070d100000|  0%| F|  |TAMS 0x000000070d000000, 0x000000070d000000| Untracked 
| 175|0x000000070d100000, 0x000000070d100000, 0x000000070d200000|  0%| F|  |TAMS 0x000000070d100000, 0x000000070d100000| Untracked 
| 176|0x000000070d200000, 0x000000070d200000, 0x000000070d300000|  0%| F|  |TAMS 0x000000070d200000, 0x000000070d200000| Untracked 
| 177|0x000000070d300000, 0x000000070d300000, 0x000000070d400000|  0%| F|  |TAMS 0x000000070d300000, 0x000000070d300000| Untracked 
| 178|0x000000070d400000, 0x000000070d400000, 0x000000070d500000|  0%| F|  |TAMS 0x000000070d400000, 0x000000070d400000| Untracked 
| 179|0x000000070d500000, 0x000000070d500000, 0x000000070d600000|  0%| F|  |TAMS 0x000000070d500000, 0x000000070d500000| Untracked 
| 180|0x000000070d600000, 0x000000070d600000, 0x000000070d700000|  0%| F|  |TAMS 0x000000070d600000, 0x000000070d600000| Untracked 
| 181|0x000000070d700000, 0x000000070d700000, 0x000000070d800000|  0%| F|  |TAMS 0x000000070d700000, 0x000000070d700000| Untracked 
| 182|0x000000070d800000, 0x000000070d800000, 0x000000070d900000|  0%| F|  |TAMS 0x000000070d800000, 0x000000070d800000| Untracked 
| 183|0x000000070d900000, 0x000000070d900000, 0x000000070da00000|  0%| F|  |TAMS 0x000000070d900000, 0x000000070d900000| Untracked 
| 184|0x000000070da00000, 0x000000070da00000, 0x000000070db00000|  0%| F|  |TAMS 0x000000070da00000, 0x000000070da00000| Untracked 
| 185|0x000000070db00000, 0x000000070db00000, 0x000000070dc00000|  0%| F|  |TAMS 0x000000070db00000, 0x000000070db00000| Untracked 
| 186|0x000000070dc00000, 0x000000070dc00000, 0x000000070dd00000|  0%| F|  |TAMS 0x000000070dc00000, 0x000000070dc00000| Untracked 
| 187|0x000000070dd00000, 0x000000070dd00000, 0x000000070de00000|  0%| F|  |TAMS 0x000000070dd00000, 0x000000070dd00000| Untracked 
| 188|0x000000070de00000, 0x000000070de00000, 0x000000070df00000|  0%| F|  |TAMS 0x000000070de00000, 0x000000070de00000| Untracked 
| 189|0x000000070df00000, 0x000000070df00000, 0x000000070e000000|  0%| F|  |TAMS 0x000000070df00000, 0x000000070df00000| Untracked 
| 190|0x000000070e000000, 0x000000070e000000, 0x000000070e100000|  0%| F|  |TAMS 0x000000070e000000, 0x000000070e000000| Untracked 
| 191|0x000000070e100000, 0x000000070e100000, 0x000000070e200000|  0%| F|  |TAMS 0x000000070e100000, 0x000000070e100000| Untracked 
| 192|0x000000070e200000, 0x000000070e200000, 0x000000070e300000|  0%| F|  |TAMS 0x000000070e200000, 0x000000070e200000| Untracked 
| 193|0x000000070e300000, 0x000000070e300000, 0x000000070e400000|  0%| F|  |TAMS 0x000000070e300000, 0x000000070e300000| Untracked 
| 194|0x000000070e400000, 0x000000070e400000, 0x000000070e500000|  0%| F|  |TAMS 0x000000070e400000, 0x000000070e400000| Untracked 
| 195|0x000000070e500000, 0x000000070e500000, 0x000000070e600000|  0%| F|  |TAMS 0x000000070e500000, 0x000000070e500000| Untracked 
| 196|0x000000070e600000, 0x000000070e600000, 0x000000070e700000|  0%| F|  |TAMS 0x000000070e600000, 0x000000070e600000| Untracked 
| 197|0x000000070e700000, 0x000000070e700000, 0x000000070e800000|  0%| F|  |TAMS 0x000000070e700000, 0x000000070e700000| Untracked 
| 198|0x000000070e800000, 0x000000070e800000, 0x000000070e900000|  0%| F|  |TAMS 0x000000070e800000, 0x000000070e800000| Untracked 
| 199|0x000000070e900000, 0x000000070e900000, 0x000000070ea00000|  0%| F|  |TAMS 0x000000070e900000, 0x000000070e900000| Untracked 
| 200|0x000000070ea00000, 0x000000070ea00000, 0x000000070eb00000|  0%| F|  |TAMS 0x000000070ea00000, 0x000000070ea00000| Untracked 
| 201|0x000000070eb00000, 0x000000070eb00000, 0x000000070ec00000|  0%| F|  |TAMS 0x000000070eb00000, 0x000000070eb00000| Untracked 
| 202|0x000000070ec00000, 0x000000070ec00000, 0x000000070ed00000|  0%| F|  |TAMS 0x000000070ec00000, 0x000000070ec00000| Untracked 
| 203|0x000000070ed00000, 0x000000070ed00000, 0x000000070ee00000|  0%| F|  |TAMS 0x000000070ed00000, 0x000000070ed00000| Untracked 
| 204|0x000000070ee00000, 0x000000070ee00000, 0x000000070ef00000|  0%| F|  |TAMS 0x000000070ee00000, 0x000000070ee00000| Untracked 
| 205|0x000000070ef00000, 0x000000070ef00000, 0x000000070f000000|  0%| F|  |TAMS 0x000000070ef00000, 0x000000070ef00000| Untracked 
| 206|0x000000070f000000, 0x000000070f000000, 0x000000070f100000|  0%| F|  |TAMS 0x000000070f000000, 0x000000070f000000| Untracked 
| 207|0x000000070f100000, 0x000000070f100000, 0x000000070f200000|  0%| F|  |TAMS 0x000000070f100000, 0x000000070f100000| Untracked 
| 208|0x000000070f200000, 0x000000070f200000, 0x000000070f300000|  0%| F|  |TAMS 0x000000070f200000, 0x000000070f200000| Untracked 
| 209|0x000000070f300000, 0x000000070f300000, 0x000000070f400000|  0%| F|  |TAMS 0x000000070f300000, 0x000000070f300000| Untracked 
| 210|0x000000070f400000, 0x000000070f400000, 0x000000070f500000|  0%| F|  |TAMS 0x000000070f400000, 0x000000070f400000| Untracked 
| 211|0x000000070f500000, 0x000000070f500000, 0x000000070f600000|  0%| F|  |TAMS 0x000000070f500000, 0x000000070f500000| Untracked 
| 212|0x000000070f600000, 0x000000070f600000, 0x000000070f700000|  0%| F|  |TAMS 0x000000070f600000, 0x000000070f600000| Untracked 
| 213|0x000000070f700000, 0x000000070f700000, 0x000000070f800000|  0%| F|  |TAMS 0x000000070f700000, 0x000000070f700000| Untracked 
| 214|0x000000070f800000, 0x000000070f800000, 0x000000070f900000|  0%| F|  |TAMS 0x000000070f800000, 0x000000070f800000| Untracked 
| 215|0x000000070f900000, 0x000000070f900000, 0x000000070fa00000|  0%| F|  |TAMS 0x000000070f900000, 0x000000070f900000| Untracked 
| 216|0x000000070fa00000, 0x000000070fa00000, 0x000000070fb00000|  0%| F|  |TAMS 0x000000070fa00000, 0x000000070fa00000| Untracked 
| 217|0x000000070fb00000, 0x000000070fb00000, 0x000000070fc00000|  0%| F|  |TAMS 0x000000070fb00000, 0x000000070fb00000| Untracked 
| 218|0x000000070fc00000, 0x000000070fc00000, 0x000000070fd00000|  0%| F|  |TAMS 0x000000070fc00000, 0x000000070fc00000| Untracked 
| 219|0x000000070fd00000, 0x000000070fd00000, 0x000000070fe00000|  0%| F|  |TAMS 0x000000070fd00000, 0x000000070fd00000| Untracked 
| 220|0x000000070fe00000, 0x000000070fe00000, 0x000000070ff00000|  0%| F|  |TAMS 0x000000070fe00000, 0x000000070fe00000| Untracked 
| 221|0x000000070ff00000, 0x000000070ff00000, 0x0000000710000000|  0%| F|  |TAMS 0x000000070ff00000, 0x000000070ff00000| Untracked 
| 222|0x0000000710000000, 0x0000000710000000, 0x0000000710100000|  0%| F|  |TAMS 0x0000000710000000, 0x0000000710000000| Untracked 
| 223|0x0000000710100000, 0x0000000710100000, 0x0000000710200000|  0%| F|  |TAMS 0x0000000710100000, 0x0000000710100000| Untracked 
| 224|0x0000000710200000, 0x0000000710200000, 0x0000000710300000|  0%| F|  |TAMS 0x0000000710200000, 0x0000000710200000| Untracked 
| 225|0x0000000710300000, 0x0000000710300000, 0x0000000710400000|  0%| F|  |TAMS 0x0000000710300000, 0x0000000710300000| Untracked 
| 226|0x0000000710400000, 0x0000000710400000, 0x0000000710500000|  0%| F|  |TAMS 0x0000000710400000, 0x0000000710400000| Untracked 
| 227|0x0000000710500000, 0x0000000710500000, 0x0000000710600000|  0%| F|  |TAMS 0x0000000710500000, 0x0000000710500000| Untracked 
| 228|0x0000000710600000, 0x0000000710600000, 0x0000000710700000|  0%| F|  |TAMS 0x0000000710600000, 0x0000000710600000| Untracked 
| 229|0x0000000710700000, 0x0000000710700000, 0x0000000710800000|  0%| F|  |TAMS 0x0000000710700000, 0x0000000710700000| Untracked 
| 230|0x0000000710800000, 0x0000000710800000, 0x0000000710900000|  0%| F|  |TAMS 0x0000000710800000, 0x0000000710800000| Untracked 
| 231|0x0000000710900000, 0x0000000710900000, 0x0000000710a00000|  0%| F|  |TAMS 0x0000000710900000, 0x0000000710900000| Untracked 
| 232|0x0000000710a00000, 0x0000000710a00000, 0x0000000710b00000|  0%| F|  |TAMS 0x0000000710a00000, 0x0000000710a00000| Untracked 
| 233|0x0000000710b00000, 0x0000000710b00000, 0x0000000710c00000|  0%| F|  |TAMS 0x0000000710b00000, 0x0000000710b00000| Untracked 
| 234|0x0000000710c00000, 0x0000000710c00000, 0x0000000710d00000|  0%| F|  |TAMS 0x0000000710c00000, 0x0000000710c00000| Untracked 
| 235|0x0000000710d00000, 0x0000000710d00000, 0x0000000710e00000|  0%| F|  |TAMS 0x0000000710d00000, 0x0000000710d00000| Untracked 
| 236|0x0000000710e00000, 0x0000000710e00000, 0x0000000710f00000|  0%| F|  |TAMS 0x0000000710e00000, 0x0000000710e00000| Untracked 
| 237|0x0000000710f00000, 0x0000000710f00000, 0x0000000711000000|  0%| F|  |TAMS 0x0000000710f00000, 0x0000000710f00000| Untracked 
| 238|0x0000000711000000, 0x0000000711000000, 0x0000000711100000|  0%| F|  |TAMS 0x0000000711000000, 0x0000000711000000| Untracked 
| 239|0x0000000711100000, 0x000000071117bbe0, 0x0000000711200000| 48%| E|  |TAMS 0x0000000711100000, 0x0000000711100000| Complete 
| 240|0x0000000711200000, 0x0000000711300000, 0x0000000711300000|100%| E|CS|TAMS 0x0000000711200000, 0x0000000711200000| Complete 
| 241|0x0000000711300000, 0x0000000711400000, 0x0000000711400000|100%| E|CS|TAMS 0x0000000711300000, 0x0000000711300000| Complete 
| 242|0x0000000711400000, 0x0000000711500000, 0x0000000711500000|100%| E|CS|TAMS 0x0000000711400000, 0x0000000711400000| Complete 
| 243|0x0000000711500000, 0x0000000711600000, 0x0000000711600000|100%| E|CS|TAMS 0x0000000711500000, 0x0000000711500000| Complete 
| 244|0x0000000711600000, 0x0000000711700000, 0x0000000711700000|100%| E|CS|TAMS 0x0000000711600000, 0x0000000711600000| Complete 
| 245|0x0000000711700000, 0x0000000711800000, 0x0000000711800000|100%| E|CS|TAMS 0x0000000711700000, 0x0000000711700000| Complete 
| 246|0x0000000711800000, 0x0000000711900000, 0x0000000711900000|100%| E|CS|TAMS 0x0000000711800000, 0x0000000711800000| Complete 
| 247|0x0000000711900000, 0x0000000711a00000, 0x0000000711a00000|100%| E|CS|TAMS 0x0000000711900000, 0x0000000711900000| Complete 
| 248|0x0000000711a00000, 0x0000000711b00000, 0x0000000711b00000|100%| E|CS|TAMS 0x0000000711a00000, 0x0000000711a00000| Complete 
| 249|0x0000000711b00000, 0x0000000711c00000, 0x0000000711c00000|100%| E|  |TAMS 0x0000000711b00000, 0x0000000711b00000| Complete 
| 250|0x0000000711c00000, 0x0000000711d00000, 0x0000000711d00000|100%| E|CS|TAMS 0x0000000711c00000, 0x0000000711c00000| Complete 
| 251|0x0000000711d00000, 0x0000000711e00000, 0x0000000711e00000|100%| E|CS|TAMS 0x0000000711d00000, 0x0000000711d00000| Complete 
| 252|0x0000000711e00000, 0x0000000711f00000, 0x0000000711f00000|100%| E|CS|TAMS 0x0000000711e00000, 0x0000000711e00000| Complete 
| 253|0x0000000711f00000, 0x0000000712000000, 0x0000000712000000|100%| E|CS|TAMS 0x0000000711f00000, 0x0000000711f00000| Complete 

Card table byte_map: [0x00000224b5f90000,0x00000224b6780000] _byte_map_base: 0x00000224b277f000

Marking Bits (Prev, Next): (CMBitMap*) 0x000002249d8d5128, (CMBitMap*) 0x000002249d8d5160
 Prev Bits: [0x00000224b6f70000, 0x00000224baee8000)
 Next Bits: [0x00000224baef0000, 0x00000224bee68000)

Polling page: 0x000002249bfe0000

Metaspace:

Usage:
  Non-class:     10.76 MB capacity,    10.63 MB ( 99%) used,   115.50 KB (  1%) free+waste,    14.38 KB ( <1%) overhead. 
      Class:    919.00 KB capacity,   847.09 KB ( 92%) used,    66.10 KB (  7%) free+waste,     5.81 KB ( <1%) overhead. 
       Both:     11.66 MB capacity,    11.46 MB ( 98%) used,   181.60 KB (  2%) free+waste,    20.19 KB ( <1%) overhead. 

Virtual space:
  Non-class space:       12.00 MB reserved,      11.00 MB ( 92%) committed 
      Class space:        1.00 GB reserved,       1.00 MB ( <1%) committed 
             Both:        1.01 GB reserved,      12.00 MB (  1%) committed 

Chunk freelists:
   Non-Class:  6.75 KB
       Class:  1.13 KB
        Both:  7.88 KB

CodeHeap 'non-profiled nmethods': size=120000Kb used=226Kb max_used=226Kb free=119774Kb
 bounds [0x00000224ad800000, 0x00000224ada70000, 0x00000224b4d30000]
CodeHeap 'profiled nmethods': size=120000Kb used=1320Kb max_used=1320Kb free=118679Kb
 bounds [0x00000224a62d0000, 0x00000224a6540000, 0x00000224ad800000]
CodeHeap 'non-nmethods': size=5760Kb used=1451Kb max_used=1466Kb free=4308Kb
 bounds [0x00000224a5d30000, 0x00000224a5fa0000, 0x00000224a62d0000]
 total_blobs=1740 nmethods=794 adapters=858
 compilation: enabled
              stopped_count=0, restarted_count=0
 full_count=0

Compilation events (10 events):
Event: 0.564 Thread 0x00000224c8a62800 nmethod 790 0x00000224ad835190 code [0x00000224ad835320, 0x00000224ad8354d8]
Event: 0.564 Thread 0x00000224c8a62800  791       4       java.util.TreeMap::fixAfterInsertion (267 bytes)
Event: 0.572 Thread 0x00000224c230f000 nmethod 779 0x00000224ad835690 code [0x00000224ad835860, 0x00000224ad836708]
Event: 0.572 Thread 0x00000224c230f000  792       4       java.util.TreeMap::rotateLeft (96 bytes)
Event: 0.579 Thread 0x00000224c8a62800 nmethod 791 0x00000224ad836d10 code [0x00000224ad836ea0, 0x00000224ad8378b8]
Event: 0.583 Thread 0x00000224c230f000 nmethod 792 0x00000224ad837b10 code [0x00000224ad837ca0, 0x00000224ad838418]
Event: 0.612 Thread 0x00000224c2312000  793   !   3       jdk.internal.loader.BuiltinClassLoader::findClassOnClassPathOrNull (64 bytes)
Event: 0.612 Thread 0x00000224c2312000 nmethod 793 0x00000224a6419890 code [0x00000224a6419aa0, 0x00000224a6419f98]
Event: 0.622 Thread 0x00000224c8a62800  794       4       sun.misc.Unsafe::putLong (11 bytes)
Event: 0.623 Thread 0x00000224c8a62800 nmethod 794 0x00000224ad838510 code [0x00000224ad8386a0, 0x00000224ad838718]

GC Heap History (0 events):
No events

Deoptimization events (8 events):
Event: 0.068 Thread 0x000002249d876800 Uncommon trap: reason=unstable_if action=reinterpret pc=0x00000224ad80450c method=java.lang.String.hashCode()I @ 14 c2
Event: 0.451 Thread 0x000002249d876800 Uncommon trap: reason=unstable_if action=reinterpret pc=0x00000224ad829254 method=java.lang.reflect.Modifier.isStatic(I)Z @ 4 c2
Event: 0.462 Thread 0x000002249d876800 Uncommon trap: reason=unstable_if action=reinterpret pc=0x00000224ad8190f0 method=java.lang.AbstractStringBuilder.putStringAt(ILjava/lang/String;)V @ 8 c2
Event: 0.462 Thread 0x000002249d876800 Uncommon trap: reason=unstable_if action=reinterpret pc=0x00000224ad81e6f0 method=java.lang.AbstractStringBuilder.putStringAt(ILjava/lang/String;)V @ 8 c2
Event: 0.462 Thread 0x000002249d876800 Uncommon trap: reason=unstable_if action=reinterpret pc=0x00000224ad816e78 method=java.lang.AbstractStringBuilder.isLatin1()Z @ 10 c2
Event: 0.462 Thread 0x000002249d876800 Uncommon trap: reason=unstable_if action=reinterpret pc=0x00000224ad81f4f0 method=java.lang.String.getBytes([BIB)V @ 5 c2
Event: 0.553 Thread 0x000002249d876800 Uncommon trap: reason=unstable_if action=reinterpret pc=0x00000224ad833e28 method=Coordinates.compareTo(LCoordinates;)I @ 47 c2
Event: 0.553 Thread 0x000002249d876800 Uncommon trap: reason=unstable_if action=reinterpret pc=0x00000224ad833b34 method=Coordinates.compareTo(LCoordinates;)I @ 34 c2

Classes redefined (0 events):
No events

Internal exceptions (10 events):
Event: 0.168 Thread 0x000002249d876800 Exception <a 'sun/nio/fs/WindowsException'{0x0000000711c82ba0}> (0x0000000711c82ba0) thrown at [./open/src/hotspot/share/prims/jni.cpp, line 611]
Event: 0.176 Thread 0x000002249d876800 Exception <a 'sun/nio/fs/WindowsException'{0x0000000711ca14a0}> (0x0000000711ca14a0) thrown at [./open/src/hotspot/share/prims/jni.cpp, line 611]
Event: 0.176 Thread 0x000002249d876800 Exception <a 'sun/nio/fs/WindowsException'{0x0000000711ca1810}> (0x0000000711ca1810) thrown at [./open/src/hotspot/share/prims/jni.cpp, line 611]
Event: 0.316 Thread 0x000002249d876800 Exception <a 'sun/nio/fs/WindowsException'{0x0000000711bba088}> (0x0000000711bba088) thrown at [./open/src/hotspot/share/prims/jni.cpp, line 611]
Event: 0.316 Thread 0x000002249d876800 Exception <a 'sun/nio/fs/WindowsException'{0x0000000711bba438}> (0x0000000711bba438) thrown at [./open/src/hotspot/share/prims/jni.cpp, line 611]
Event: 0.319 Thread 0x000002249d876800 Exception <a 'sun/nio/fs/WindowsException'{0x0000000711bcd8d8}> (0x0000000711bcd8d8) thrown at [./open/src/hotspot/share/prims/jni.cpp, line 611]
Event: 0.319 Thread 0x000002249d876800 Exception <a 'sun/nio/fs/WindowsException'{0x0000000711bcdbc0}> (0x0000000711bcdbc0) thrown at [./open/src/hotspot/share/prims/jni.cpp, line 611]
Event: 0.451 Thread 0x000002249d876800 Exception <a 'java/lang/NoSuchMethodError'{0x0000000711498490}: java.lang.invoke.DirectMethodHandle$Holder.invokeSpecialIFC(Ljava/lang/Object;Ljava/lang/Object;I)I> (0x0000000711498490) thrown at [./open/src/hotspot/share/interpreter/linkResolver.cpp, lin
Event: 0.511 Thread 0x000002249d876800 Exception <a 'sun/nio/fs/WindowsException'{0x000000071128f148}> (0x000000071128f148) thrown at [./open/src/hotspot/share/prims/jni.cpp, line 611]
Event: 0.511 Thread 0x000002249d876800 Exception <a 'sun/nio/fs/WindowsException'{0x000000071128f4d0}> (0x000000071128f4d0) thrown at [./open/src/hotspot/share/prims/jni.cpp, line 611]

Events (10 events):
Event: 0.620 loading class Tower
Event: 0.620 loading class Tower done
Event: 0.622 loading class Skyscraper
Event: 0.622 loading class Skyscraper done
Event: 0.659 loading class Mall
Event: 0.659 loading class Mall done
Event: 0.666 loading class ClothingStore
Event: 0.666 loading class ClothingStore done
Event: 0.673 loading class FoodStore
Event: 0.673 loading class FoodStore done


Dynamic libraries:
0x00007ff7f5c60000 - 0x00007ff7f5c6f000 	C:\Program Files\Java\jdk-11.0.11\bin\java.exe
0x00007ff850830000 - 0x00007ff850a25000 	C:\WINDOWS\SYSTEM32\ntdll.dll
0x00007ff84ebd0000 - 0x00007ff84ec8d000 	C:\WINDOWS\System32\KERNEL32.DLL
0x00007ff84e390000 - 0x00007ff84e658000 	C:\WINDOWS\System32\KERNELBASE.dll
0x00007ff84e1e0000 - 0x00007ff84e2e0000 	C:\WINDOWS\System32\ucrtbase.dll
0x00007ff840870000 - 0x00007ff840888000 	C:\Program Files\Java\jdk-11.0.11\bin\jli.dll
0x00007ff840640000 - 0x00007ff840655000 	C:\Program Files\Java\jdk-11.0.11\bin\VCRUNTIME140.dll
0x00007ff850740000 - 0x00007ff8507ec000 	C:\WINDOWS\System32\ADVAPI32.dll
0x00007ff84f7a0000 - 0x00007ff84f83e000 	C:\WINDOWS\System32\msvcrt.dll
0x00007ff84eb30000 - 0x00007ff84ebcb000 	C:\WINDOWS\System32\sechost.dll
0x00007ff850320000 - 0x00007ff85044b000 	C:\WINDOWS\System32\RPCRT4.dll
0x00007ff84e980000 - 0x00007ff84eb20000 	C:\WINDOWS\System32\USER32.dll
0x00007ff84e700000 - 0x00007ff84e722000 	C:\WINDOWS\System32\win32u.dll
0x00007ff8502f0000 - 0x00007ff85031a000 	C:\WINDOWS\System32\GDI32.dll
0x00007ff820f20000 - 0x00007ff8211ba000 	C:\WINDOWS\WinSxS\amd64_microsoft.windows.common-controls_6595b64144ccf1df_6.0.19041.844_none_ca00b6081b84eb1d\COMCTL32.dll
0x00007ff84e0d0000 - 0x00007ff84e1db000 	C:\WINDOWS\System32\gdi32full.dll
0x00007ff84e660000 - 0x00007ff84e6fd000 	C:\WINDOWS\System32\msvcp_win.dll
0x00007ff842430000 - 0x00007ff84243a000 	C:\WINDOWS\SYSTEM32\VERSION.dll
0x00007ff84e940000 - 0x00007ff84e970000 	C:\WINDOWS\System32\IMM32.DLL
0x00007ff8015b0000 - 0x00007ff80164b000 	C:\Program Files\Java\jdk-11.0.11\bin\msvcp140.dll
0x00007fffe50c0000 - 0x00007fffe5bbe000 	C:\Program Files\Java\jdk-11.0.11\bin\server\jvm.dll
0x00007ff84eb20000 - 0x00007ff84eb28000 	C:\WINDOWS\System32\PSAPI.DLL
0x00007ff836310000 - 0x00007ff836337000 	C:\WINDOWS\SYSTEM32\WINMM.dll
0x00007ff841ba0000 - 0x00007ff841ba9000 	C:\WINDOWS\SYSTEM32\WSOCK32.dll
0x00007ff84ffa0000 - 0x00007ff85000b000 	C:\WINDOWS\System32\WS2_32.dll
0x00007ff84c870000 - 0x00007ff84c882000 	C:\WINDOWS\SYSTEM32\kernel.appcore.dll
0x00007ff846040000 - 0x00007ff846050000 	C:\Program Files\Java\jdk-11.0.11\bin\verify.dll
0x00007ff848be0000 - 0x00007ff848dc4000 	C:\WINDOWS\SYSTEM32\DBGHELP.DLL
0x00007ff8424a0000 - 0x00007ff8424cc000 	C:\WINDOWS\SYSTEM32\dbgcore.DLL
0x00007ff84e2e0000 - 0x00007ff84e360000 	C:\WINDOWS\System32\bcryptPrimitives.dll
0x00007ff840610000 - 0x00007ff840638000 	C:\Program Files\Java\jdk-11.0.11\bin\java.dll
0x00007ff8438b0000 - 0x00007ff8438ba000 	C:\Program Files\Java\jdk-11.0.11\bin\jimage.dll
0x00007ff840010000 - 0x00007ff840026000 	C:\Program Files\Java\jdk-11.0.11\bin\zip.dll
0x00007ff84f050000 - 0x00007ff84f792000 	C:\WINDOWS\System32\SHELL32.dll
0x00007ff84c0a0000 - 0x00007ff84c830000 	C:\WINDOWS\SYSTEM32\windows.storage.dll
0x00007ff84ecf0000 - 0x00007ff84f045000 	C:\WINDOWS\System32\combase.dll
0x00007ff84d9e0000 - 0x00007ff84da0c000 	C:\WINDOWS\SYSTEM32\Wldp.dll
0x00007ff84e890000 - 0x00007ff84e93e000 	C:\WINDOWS\System32\SHCORE.dll
0x00007ff84ec90000 - 0x00007ff84ece5000 	C:\WINDOWS\System32\shlwapi.dll
0x00007ff84deb0000 - 0x00007ff84decf000 	C:\WINDOWS\SYSTEM32\profapi.dll
0x00007ff83fbc0000 - 0x00007ff83fbd9000 	C:\Program Files\Java\jdk-11.0.11\bin\net.dll
0x00007ff842650000 - 0x00007ff84275b000 	C:\WINDOWS\SYSTEM32\WINHTTP.dll
0x00007ff84d750000 - 0x00007ff84d7ba000 	C:\WINDOWS\system32\mswsock.dll
0x00007ff83fb30000 - 0x00007ff83fb42000 	C:\Program Files\Java\jdk-11.0.11\bin\nio.dll
0x00007ff818b50000 - 0x00007ff818bb4000 	C:\Users\denis\AppData\Local\Temp\lwjgldenis\3.2.3-build-13\lwjgl.dll
0x00007ff800240000 - 0x00007ff8002a2000 	C:\Users\denis\AppData\Local\Temp\lwjgldenis\3.2.3-build-13\glfw.dll
0x00007ff8480b0000 - 0x00007ff84814e000 	C:\WINDOWS\system32\uxtheme.dll
0x00007ff83d400000 - 0x00007ff83d445000 	C:\WINDOWS\SYSTEM32\dinput8.dll
0x00007ff83e5b0000 - 0x00007ff83e5c1000 	C:\WINDOWS\SYSTEM32\xinput1_4.dll
0x00007ff84e790000 - 0x00007ff84e7de000 	C:\WINDOWS\System32\cfgmgr32.dll
0x00007ff84dd20000 - 0x00007ff84dd4c000 	C:\WINDOWS\SYSTEM32\DEVOBJ.dll
0x00007ff848810000 - 0x00007ff84883f000 	C:\WINDOWS\SYSTEM32\dwmapi.dll
0x00007ff83da60000 - 0x00007ff83dbb2000 	C:\WINDOWS\SYSTEM32\inputhost.dll
0x00007ff84fed0000 - 0x00007ff84ff9d000 	C:\WINDOWS\System32\OLEAUT32.dll
0x00007ff847db0000 - 0x00007ff847ea2000 	C:\WINDOWS\SYSTEM32\CoreMessaging.dll
0x00007ff846440000 - 0x00007ff846594000 	C:\WINDOWS\SYSTEM32\wintypes.dll
0x00007ff848280000 - 0x00007ff848377000 	C:\WINDOWS\SYSTEM32\PROPSYS.dll
0x00007ff847940000 - 0x00007ff847c9e000 	C:\WINDOWS\SYSTEM32\CoreUIComponents.dll
0x00007ff84ccb0000 - 0x00007ff84cce3000 	C:\WINDOWS\SYSTEM32\ntmarta.dll
0x00007ff850450000 - 0x00007ff850565000 	C:\WINDOWS\System32\MSCTF.dll
0x00007ff84c830000 - 0x00007ff84c83d000 	C:\WINDOWS\SYSTEM32\HID.DLL
0x00007ff84f840000 - 0x00007ff84fca9000 	C:\WINDOWS\System32\SETUPAPI.DLL
0x00007ff84e360000 - 0x00007ff84e387000 	C:\WINDOWS\System32\bcrypt.dll
0x00007ff84e730000 - 0x00007ff84e790000 	C:\WINDOWS\System32\WINTRUST.dll
0x00007ff84df70000 - 0x00007ff84e0cf000 	C:\WINDOWS\System32\CRYPT32.dll
0x00007ff84db60000 - 0x00007ff84db72000 	C:\WINDOWS\SYSTEM32\MSASN1.dll
0x00007ff83f350000 - 0x00007ff83f476000 	C:\WINDOWS\SYSTEM32\opengl32.dll
0x00007ff83fc50000 - 0x00007ff83fc7c000 	C:\WINDOWS\SYSTEM32\GLU32.dll
0x00007ff8500f0000 - 0x00007ff850199000 	C:\WINDOWS\System32\clbcatq.dll
0x00007fffd9a80000 - 0x00007fffda9b3000 	C:\WINDOWS\System32\DriverStore\FileRepository\iigd_dch.inf_amd64_39c3e17a2e95f0ed\ig9icd64.dll
0x00007ff850610000 - 0x00007ff85073a000 	C:\WINDOWS\System32\OLE32.DLL
0x00007ff84c8b0000 - 0x00007ff84c9a4000 	C:\WINDOWS\system32\dxgi.dll
0x00007ff83d290000 - 0x00007ff83d2cc000 	C:\WINDOWS\system32\atig6txx.dll
0x00007ff82ceb0000 - 0x00007ff82ceeb000 	C:\WINDOWS\SYSTEM32\dxcore.dll
0x00007ff828fe0000 - 0x00007ff82b375000 	C:\WINDOWS\System32\DriverStore\FileRepository\iigd_dch.inf_amd64_39c3e17a2e95f0ed\igc64.dll
0x00007ff84d550000 - 0x00007ff84d59b000 	C:\WINDOWS\SYSTEM32\powrprof.dll
0x00007ff84d3d0000 - 0x00007ff84d3e2000 	C:\WINDOWS\SYSTEM32\UMPDC.dll
0x00007ff82b7b0000 - 0x00007ff82b904000 	C:\WINDOWS\System32\DriverStore\FileRepository\iigd_dch.inf_amd64_39c3e17a2e95f0ed\igdgmm64.dll
0x00007ff83fed0000 - 0x00007ff83ffc9000 	C:\WINDOWS\SYSTEM32\textinputframework.dll
0x00007ff818d70000 - 0x00007ff818dc9000 	C:\Users\denis\AppData\Local\Temp\lwjgldenis\3.2.3-build-13\lwjgl_opengl.dll
0x00007ffff0aa0000 - 0x00007ffff0b17000 	C:\Users\denis\AppData\Local\Temp\lwjgldenis\3.2.3-build-13\lwjgl_stb.dll

dbghelp: loaded successfully - version: 4.0.5 - missing functions: none
symbol engine: initialized successfully - sym options: 0x614 - pdb path: .;C:\Program Files\Java\jdk-11.0.11\bin;C:\WINDOWS\SYSTEM32;C:\WINDOWS\WinSxS\amd64_microsoft.windows.common-controls_6595b64144ccf1df_6.0.19041.844_none_ca00b6081b84eb1d;C:\Program Files\Java\jdk-11.0.11\bin\server;C:\Users\denis\AppData\Local\Temp\lwjgldenis\3.2.3-build-13;C:\WINDOWS\System32\DriverStore\FileRepository\iigd_dch.inf_amd64_39c3e17a2e95f0ed

VM Arguments:
java_command: Main
java_class_path (initial): .;src\com\elsys;Graphics;Graphics\LWJGL-windows\joml-1.10.1.jar;Graphics\LWJGL-windows\lwjgl-glfw-natives-windows.jar;Graphics\LWJGL-windows\lwjgl-glfw.jar;Graphics\LWJGL-windows\lwjgl-natives-windows.jar;Graphics\LWJGL-windows\lwjgl-opengl-natives-windows.jar;Graphics\LWJGL-windows\lwjgl-opengl.jar;Graphics\LWJGL-windows\lwjgl-stb-natives-windows.jar;Graphics\LWJGL-windows\lwjgl-stb.jar;Graphics\LWJGL-windows\lwjgl.jar
Launcher Type: SUN_STANDARD

[Global flags]
     intx CICompilerCount                          = 4                                         {product} {ergonomic}
     uint ConcGCThreads                            = 2                                         {product} {ergonomic}
     uint G1ConcRefinementThreads                  = 8                                         {product} {ergonomic}
   size_t G1HeapRegionSize                         = 1048576                                   {product} {ergonomic}
    uintx GCDrainStackTargetSize                   = 64                                        {product} {ergonomic}
   size_t InitialHeapSize                          = 266338304                                 {product} {ergonomic}
   size_t MarkStackSize                            = 4194304                                   {product} {ergonomic}
   size_t MaxHeapSize                              = 4259315712                                {product} {ergonomic}
   size_t MaxNewSize                               = 2555379712                                {product} {ergonomic}
   size_t MinHeapDeltaBytes                        = 1048576                                   {product} {ergonomic}
    uintx NonNMethodCodeHeapSize                   = 5836300                                {pd product} {ergonomic}
    uintx NonProfiledCodeHeapSize                  = 122910970                              {pd product} {ergonomic}
    uintx ProfiledCodeHeapSize                     = 122910970                              {pd product} {ergonomic}
    uintx ReservedCodeCacheSize                    = 251658240                              {pd product} {ergonomic}
     bool SegmentedCodeCache                       = true                                      {product} {ergonomic}
     bool UseCompressedClassPointers               = true                                 {lp64_product} {ergonomic}
     bool UseCompressedOops                        = true                                 {lp64_product} {ergonomic}
     bool UseG1GC                                  = true                                      {product} {ergonomic}
     bool UseLargePagesIndividualAllocation        = false                                  {pd product} {ergonomic}

Logging:
Log output configuration:
 #0: stdout all=warning uptime,level,tags
 #1: stderr all=off uptime,level,tags

Environment Variables:
PATH=C:\Program Files\Common Files\Oracle\Java\javapath;C:\Program Files\MySQL\MySQL Server 8.0\bin;C:\Program Files (x86)\Common Files\Oracle\Java\javapath;C:\Program Files\Java\jdk1.8.0_241\bin;C:\WINDOWS\system32;C:\WINDOWS;C:\WINDOWS\System32\Wbem;C:\WINDOWS\System32\WindowsPowerShell\v1.0\;C:\python;C:\python\Scripts;C:\Users\denis\Downloads\php;C:\Users\denis\Documents\Apache24\bin;C:\Users\denis\AppData\Local\bin\NASM;C:\Program Files\LLVM\bin;C:\System Commands;C:\Program Files\7-Zip;C:\Program Files\dotnet\;C:\Program Files\Git\cmd;C:\gradle-7.0.2\bin;C:\Program Files\nodejs\;C:\python\Scripts\;C:\python\;C:\Users\denis\AppData\Local\Programs\Python\Launcher\;C:\Program Files (x86)\Microsoft Visual Studio\2019\Community\VC\Tools\MSVC\14.24.28314\bin\Hostx64\x64;C:\TDM-GCC-64\bin;C:\Program Files\MySQL\MySQL Workbench 8.0 CE;C:\Program Files\Bochs-2.6.11;C:\Users\denis\AppData\Local\Programs\Microsoft VS Code\bin;C:\Users\denis\AppData\Local\Microsoft\WindowsApps;D:\Vulkan\Bin;C:\Users\denis\.dotnet\tools;C:\Users\denis\Documents\php;C:\Users\denis\AppData\Roaming\npm
USERNAME=denis
OS=Windows_NT
PROCESSOR_IDENTIFIER=Intel64 Family 6 Model 142 Stepping 11, GenuineIntel



---------------  S Y S T E M  ---------------

OS: Windows 10 , 64 bit Build 19041 (10.0.19041.928)

CPU:total 8 (initial active 8) (4 cores per cpu, 2 threads per core) family 6 model 142 stepping 11 microcode 0xca, cmov, cx8, fxsr, mmx, sse, sse2, sse3, ssse3, sse4.1, sse4.2, popcnt, avx, avx2, aes, clmul, erms, 3dnowpref, lzcnt, ht, tsc, tscinvbit, bmi1, bmi2, adx, fma

Memory: 4k page, system-wide physical 16241M (8128M free)
TotalPageFile size 18673M (AvailPageFile size 5672M)
current process WorkingSet (physical memory assigned to process): 176M, peak: 176M
current process commit charge ("private bytes"): 430M, peak: 430M

vm_info: Java HotSpot(TM) 64-Bit Server VM (11.0.11+9-LTS-194) for windows-amd64 JRE (11.0.11+9-LTS-194), built on Mar 18 2021 18:46:53 by "mach5one" with MS VC++ 15.9 (VS2017)

END.
